<?xml version="1.0" encoding="UTF-8"?>
<!-- Generated by org.testng.reporters.JUnitXMLReporter -->
<testsuite ignored="0" hostname="LAPTOP-BLI27TIM" failures="1" tests="1" name="Test" time="0.05" errors="0" timestamp="2022-02-14T10:41:12 IST">
  <testcase classname="baseTest.SampleTest" name="sampleTest" time="0.013">
    <failure type="java.lang.NullPointerException" message="Cannot invoke &amp;quot;org.openqa.selenium.WebDriver.findElement(org.openqa.selenium.By)&amp;quot; because &amp;quot;baseTest.BaseTest.driver&amp;quot; is null">
      <![CDATA[java.lang.NullPointerException: Cannot invoke "org.openqa.selenium.WebDriver.findElement(org.openqa.selenium.By)" because "baseTest.BaseTest.driver" is null
at utils.ElementFetch.getWebElement(ElementFetch.java:15)
at pageEvents.HomePage.clickOnSignInBtn(HomePage.java:10)
at baseTest.SampleTest.sampleTest(SampleTest.java:14)
at java.base/java.util.ArrayList.forEach(ArrayList.java:1511)
... Removed 27 stack frames]]>
    </failure>
  </testcase> <!-- sampleTest -->
</testsuite> <!-- Test -->
